<?xml version="1.0" encoding="UTF-8"?>
<!-- Generated by org.testng.reporters.JUnitReportReporter -->
<testsuite hostname="PRAVIN-DESKTOP" failures="0" tests="1" name="pageObjectModel.LoginPageTest" time="24.727" errors="0" timestamp="2022-12-30T18:09:22 CST" skipped="0">
  <testcase classname="pageObjectModel.LoginPageTest" name="VerifyLogin" time="24.727"/>
  <system-out/>
</testsuite> <!-- pageObjectModel.LoginPageTest -->
