<?xml version="1.0" encoding="UTF-8"?>
<!-- Generated by org.testng.reporters.JUnitReportReporter -->
<testsuite hostname="PRAVIN-DESKTOP" failures="0" tests="3" name="testcase.TestOne" time="7.415" errors="0" timestamp="2022-12-19T21:34:41 CST" skipped="0">
  <testcase classname="testcase.TestOne" name="logIn" time="2.289"/>
  <system-out/>
  <testcase classname="testcase.TestOne" name="GetTitle" time="2.726"/>
  <system-out/>
  <testcase classname="testcase.TestOne" name="countItems" time="2.400"/>
  <system-out/>
</testsuite> <!-- testcase.TestOne -->
