<?xml version="1.0" encoding="UTF-8"?>
<!-- Generated by org.testng.reporters.JUnitReportReporter -->
<testsuite hostname="PRAVIN-DESKTOP" failures="0" tests="4" name="testcase.API_Test" time="5.730" errors="0" timestamp="2023-01-05T18:21:14 CST" skipped="0">
  <testcase classname="testcase.API_Test" name="deleteUser" time="1.037"/>
  <system-out/>
  <testcase classname="testcase.API_Test" name="updateUser" time="1.048"/>
  <system-out/>
  <testcase classname="testcase.API_Test" name="ListUsers" time="2.602"/>
  <system-out/>
  <testcase classname="testcase.API_Test" name="goRestCreateUser" time="1.043"/>
  <system-out/>
</testsuite> <!-- testcase.API_Test -->
