<?xml version="1.0" encoding="UTF-8"?>
<!-- Generated by org.testng.reporters.JUnitReportReporter -->
<testsuite hostname="PRAVIN-DESKTOP" failures="0" tests="12" name="testcase.TestcaseDataprovider" time="42.699" errors="0" timestamp="2022-12-19T23:22:23 CST" skipped="0">
  <testcase classname="testcase.TestcaseDataprovider" name="logIn" time="2.231"/>
  <system-out/>
  <testcase classname="testcase.TestcaseDataprovider" name="countItems" time="2.314"/>
  <system-out/>
  <testcase classname="testcase.TestcaseDataprovider" name="logIn" time="2.210"/>
  <system-out/>
  <testcase classname="testcase.TestcaseDataprovider" name="countItems" time="7.310"/>
  <system-out/>
  <testcase classname="testcase.TestcaseDataprovider" name="countItems" time="2.230"/>
  <system-out/>
  <testcase classname="testcase.TestcaseDataprovider" name="countItems" time="2.324"/>
  <system-out/>
  <testcase classname="testcase.TestcaseDataprovider" name="GetTitle" time="2.265"/>
  <system-out/>
  <testcase classname="testcase.TestcaseDataprovider" name="GetTitle" time="2.779"/>
  <system-out/>
  <testcase classname="testcase.TestcaseDataprovider" name="GetTitle" time="7.264"/>
  <system-out/>
  <testcase classname="testcase.TestcaseDataprovider" name="logIn" time="2.243"/>
  <system-out/>
  <testcase classname="testcase.TestcaseDataprovider" name="GetTitle" time="2.291"/>
  <system-out/>
  <testcase classname="testcase.TestcaseDataprovider" name="logIn" time="7.238"/>
  <system-out/>
</testsuite> <!-- testcase.TestcaseDataprovider -->
