<?xml version="1.0" encoding="UTF-8"?>
<!-- Generated by org.testng.reporters.JUnitReportReporter -->
<testsuite hostname="PRAVIN-DESKTOP" failures="0" tests="3" name="testcase.TestcaseParameter" time="7.539" errors="0" timestamp="2022-12-21T17:46:50 CST" skipped="0">
  <testcase classname="testcase.TestcaseParameter" name="countItems" time="2.417"/>
  <system-out/>
  <testcase classname="testcase.TestcaseParameter" name="logIn" time="2.233"/>
  <system-out/>
  <testcase classname="testcase.TestcaseParameter" name="GetTitle" time="2.889"/>
  <system-out/>
</testsuite> <!-- testcase.TestcaseParameter -->
