<?xml version="1.0" encoding="UTF-8"?>
<!-- Generated by org.testng.reporters.JUnitReportReporter -->
<testsuite hostname="PRAVIN-DESKTOP" failures="0" tests="1" name="testcase.TestAPI" time="1.769" errors="0" timestamp="2022-12-30T17:25:21 CST" skipped="0">
  <testcase classname="testcase.TestAPI" name="Test_01" time="1.769"/>
  <system-out/>
</testsuite> <!-- testcase.TestAPI -->
