<?xml version="1.0" encoding="UTF-8"?>
<!-- Generated by org.testng.reporters.JUnitReportReporter -->
<testsuite hostname="PRAVIN-DESKTOP" failures="0" tests="3" name="testcase.TestcaseParameter" time="7.290" errors="0" timestamp="2022-12-20T00:12:46 CST" skipped="0">
  <testcase classname="testcase.TestcaseParameter" name="GetTitle" time="2.651"/>
  <system-out/>
  <testcase classname="testcase.TestcaseParameter" name="logIn" time="2.223"/>
  <system-out/>
  <testcase classname="testcase.TestcaseParameter" name="countItems" time="2.416"/>
  <system-out/>
</testsuite> <!-- testcase.TestcaseParameter -->
